# JRE version: OpenJDK Runtime Environment Temurin-21.0.9+10 (21.0.9+10) (build 21.0.9+10-LTS)
# Java VM: OpenJDK 64-Bit Server VM Temurin-21.0.9+10 (21.0.9+10-LTS, mixed mode, sharing, tiered, compressed oops, compressed class ptrs, g1 gc, windows-amd64)
GC Precious Log:
 CardTable entry size: 512
 Card Set container configuration: InlinePtr #cards 5 size 8 Array Of Cards #cards 12 size 40 Howl #buckets 4 coarsen threshold 1843 Howl Bitmap #cards 512 size 80 coarsen threshold 460 Card regions per heap region 1 cards per card region 2048
 CPUs: 8 total, 8 available
 Memory: 6013M
 Large Page Support: Disabled
 NUMA Support: Disabled
 Compressed Oops: Enabled (32-bit)
 Heap Region Size: 1M
 Heap Min Capacity: 8M
 Heap Initial Capacity: 94M
 Heap Max Capacity: 1504M
 Pre-touch: Disabled
 Parallel Workers: 8
 Concurrent Workers: 2
 Concurrent Refinement Workers: 8
 Periodic GC: Disabled
Heap:
 garbage-first heap   total 70656K, used 36344K [0x00000000a2000000, 0x0000000100000000)
  region size 1024K, 13 young (13312K), 3 survivors (3072K)
 Metaspace       used 61334K, committed 62016K, reserved 1114112K
  class space    used 8291K, committed 8576K, reserved 1048576K
GC Heap History (20 events):
Event: 1.906 GC heap before
{Heap before GC invocations=1 (full 0):
 garbage-first heap   total 96256K, used 34494K [0x00000000a2000000, 0x0000000100000000)
  region size 1024K, 31 young (31744K), 3 survivors (3072K)
 Metaspace       used 14285K, committed 14528K, reserved 1114112K
  class space    used 1749K, committed 1856K, reserved 1048576K
}
Event: 1.914 GC heap after
{Heap after GC invocations=2 (full 0):
 garbage-first heap   total 96256K, used 9502K [0x00000000a2000000, 0x0000000100000000)
  region size 1024K, 3 young (3072K), 3 survivors (3072K)
 Metaspace       used 14285K, committed 14528K, reserved 1114112K
  class space    used 1749K, committed 1856K, reserved 1048576K
}
Event: 3.523 GC heap before
{Heap before GC invocations=2 (full 0):
 garbage-first heap   total 96256K, used 49438K [0x00000000a2000000, 0x0000000100000000)
  region size 1024K, 44 young (45056K), 3 survivors (3072K)
 Metaspace       used 21200K, committed 21504K, reserved 1114112K
  class space    used 2618K, committed 2752K, reserved 1048576K
}
Event: 3.539 GC heap after
{Heap after GC invocations=3 (full 0):
 garbage-first heap   total 96256K, used 13444K [0x00000000a2000000, 0x0000000100000000)
  region size 1024K, 7 young (7168K), 7 survivors (7168K)
 Metaspace       used 21200K, committed 21504K, reserved 1114112K
  class space    used 2618K, committed 2752K, reserved 1048576K
}
Event: 5.412 GC heap before
{Heap before GC invocations=4 (full 0):
 garbage-first heap   total 48128K, used 47236K [0x00000000a2000000, 0x0000000100000000)
  region size 1024K, 40 young (40960K), 7 survivors (7168K)
 Metaspace       used 28251K, committed 28672K, reserved 1114112K
  class space    used 3595K, committed 3776K, reserved 1048576K
}
Event: 5.425 GC heap after
{Heap after GC invocations=5 (full 0):
 garbage-first heap   total 58368K, used 17083K [0x00000000a2000000, 0x0000000100000000)
  region size 1024K, 4 young (4096K), 4 survivors (4096K)
 Metaspace       used 28251K, committed 28672K, reserved 1114112K
  class space    used 3595K, committed 3776K, reserved 1048576K
}
Event: 6.699 GC heap before
{Heap before GC invocations=5 (full 0):
 garbage-first heap   total 58368K, used 45755K [0x00000000a2000000, 0x0000000100000000)
  region size 1024K, 32 young (32768K), 4 survivors (4096K)
 Metaspace       used 34575K, committed 35136K, reserved 1114112K
  class space    used 4556K, committed 4800K, reserved 1048576K
}
Event: 6.705 GC heap after
{Heap after GC invocations=6 (full 0):
 garbage-first heap   total 58368K, used 18580K [0x00000000a2000000, 0x0000000100000000)
  region size 1024K, 2 young (2048K), 2 survivors (2048K)
 Metaspace       used 34575K, committed 35136K, reserved 1114112K
  class space    used 4556K, committed 4800K, reserved 1048576K
}
Event: 6.816 GC heap before
{Heap before GC invocations=6 (full 0):
 garbage-first heap   total 58368K, used 20628K [0x00000000a2000000, 0x0000000100000000)
  region size 1024K, 5 young (5120K), 2 survivors (2048K)
 Metaspace       used 35419K, committed 35968K, reserved 1114112K
  class space    used 4655K, committed 4928K, reserved 1048576K
}
Event: 6.819 GC heap after
{Heap after GC invocations=7 (full 0):
 garbage-first heap   total 58368K, used 18614K [0x00000000a2000000, 0x0000000100000000)
  region size 1024K, 2 young (2048K), 2 survivors (2048K)
 Metaspace       used 35419K, committed 35968K, reserved 1114112K
  class space    used 4655K, committed 4928K, reserved 1048576K
}
Event: 7.867 GC heap before
{Heap before GC invocations=8 (full 0):
 garbage-first heap   total 58368K, used 47286K [0x00000000a2000000, 0x0000000100000000)
  region size 1024K, 31 young (31744K), 2 survivors (2048K)
 Metaspace       used 44613K, committed 45120K, reserved 1114112K
  class space    used 5855K, committed 6080K, reserved 1048576K
}
Event: 7.871 GC heap after
{Heap after GC invocations=9 (full 0):
 garbage-first heap   total 58368K, used 21071K [0x00000000a2000000, 0x0000000100000000)
  region size 1024K, 4 young (4096K), 4 survivors (4096K)
 Metaspace       used 44613K, committed 45120K, reserved 1114112K
  class space    used 5855K, committed 6080K, reserved 1048576K
}
Event: 8.578 GC heap before
{Heap before GC invocations=9 (full 0):
 garbage-first heap   total 58368K, used 47695K [0x00000000a2000000, 0x0000000100000000)
  region size 1024K, 31 young (31744K), 4 survivors (4096K)
 Metaspace       used 52215K, committed 52864K, reserved 1114112K
  class space    used 7084K, committed 7360K, reserved 1048576K
}
Event: 8.583 GC heap after
{Heap after GC invocations=10 (full 0):
 garbage-first heap   total 58368K, used 22316K [0x00000000a2000000, 0x0000000100000000)
  region size 1024K, 2 young (2048K), 2 survivors (2048K)
 Metaspace       used 52215K, committed 52864K, reserved 1114112K
  class space    used 7084K, committed 7360K, reserved 1048576K
}
Event: 9.253 GC heap before
{Heap before GC invocations=10 (full 0):
 garbage-first heap   total 58368K, used 49964K [0x00000000a2000000, 0x0000000100000000)
  region size 1024K, 29 young (29696K), 2 survivors (2048K)
 Metaspace       used 56959K, committed 57536K, reserved 1114112K
  class space    used 7691K, committed 7936K, reserved 1048576K
}
Event: 9.257 GC heap after
{Heap after GC invocations=11 (full 0):
 garbage-first heap   total 58368K, used 24830K [0x00000000a2000000, 0x0000000100000000)
  region size 1024K, 4 young (4096K), 4 survivors (4096K)
 Metaspace       used 56959K, committed 57536K, reserved 1114112K
  class space    used 7691K, committed 7936K, reserved 1048576K
}
Event: 9.644 GC heap before
{Heap before GC invocations=11 (full 0):
 garbage-first heap   total 58368K, used 50430K [0x00000000a2000000, 0x0000000100000000)
  region size 1024K, 29 young (29696K), 4 survivors (4096K)
 Metaspace       used 58667K, committed 59264K, reserved 1114112K
  class space    used 7923K, committed 8192K, reserved 1048576K
}
Event: 9.650 GC heap after
{Heap after GC invocations=12 (full 0):
 garbage-first heap   total 58368K, used 26735K [0x00000000a2000000, 0x0000000100000000)
  region size 1024K, 2 young (2048K), 2 survivors (2048K)
 Metaspace       used 58667K, committed 59264K, reserved 1114112K
  class space    used 7923K, committed 8192K, reserved 1048576K
}
Event: 839.230 GC heap before
{Heap before GC invocations=12 (full 0):
 garbage-first heap   total 58368K, used 33903K [0x00000000a2000000, 0x0000000100000000)
  region size 1024K, 10 young (10240K), 2 survivors (2048K)
 Metaspace       used 59862K, committed 60480K, reserved 1114112K
  class space    used 8063K, committed 8384K, reserved 1048576K
}
Event: 839.276 GC heap after
{Heap after GC invocations=13 (full 0):
 garbage-first heap   total 70656K, used 27128K [0x00000000a2000000, 0x0000000100000000)
  region size 1024K, 3 young (3072K), 3 survivors (3072K)
 Metaspace       used 59862K, committed 60480K, reserved 1114112K
  class space    used 8063K, committed 8384K, reserved 1048576K
}

